<?xml version="1.0" encoding="UTF-8"?>
<!-- Generated by org.testng.reporters.JUnitReportReporter -->
<testsuite hostname="Juhi_Sanal" failures="0" tests="1" name="CucumberExecutor.TestRunner" time="20.670" errors="0" timestamp="2024-12-05T18:24:30 IST" skipped="0">
  <testcase classname="CucumberExecutor.TestRunner" name="runScenario" time="20.670"/>
  <system-out/>
</testsuite> <!-- CucumberExecutor.TestRunner -->
