<?xml version="1.0" encoding="UTF-8"?>
<!-- Generated by org.testng.reporters.JUnitReportReporter -->
<testsuite hostname="Juhi_Sanal" failures="0" tests="1" name="CucumberExecutor.TestRunner" time="11.543" errors="0" timestamp="2024-12-02T16:30:36 IST" skipped="0">
  <testcase classname="CucumberExecutor.TestRunner" name="runScenario" time="11.543"/>
  <system-out/>
</testsuite> <!-- CucumberExecutor.TestRunner -->
